<?xml version="1.0" encoding="UTF-8"?>
<!-- Generated by org.testng.reporters.JUnitXMLReporter -->
<testsuite hostname="INMAAWN53000190" ignored="4" name="Test" tests="9" failures="9" timestamp="29 Oct 2019 03:51:26 GMT" time="14.85" errors="0">
  <testcase name="validateSearchInHomePage" time="14.471" classname="com.testcases.HomePageTests">
    <failure type="org.openqa.selenium.WebDriverException" message="Error forwarding the new session Error forwarding the request unexpected end of stream on Connection{172.19.0.9:5555, proxy=DIRECT hostAddress=/172.19.0.9:5555 cipherSuite=none protocol=http/1.1}
Command duration or timeout: 13.26 seconds">
      <![CDATA[org.openqa.selenium.WebDriverException: Error forwarding the new session Error forwarding the request unexpected end of stream on Connection{172.19.0.9:5555, proxy=DIRECT hostAddress=/172.19.0.9:5555 cipherSuite=none protocol=http/1.1}
Command duration or timeout: 13.26 seconds
at org.openqa.selenium.remote.ErrorHandler.createThrowable(ErrorHandler.java:214)
at org.openqa.selenium.remote.ErrorHandler.throwIfResponseFailed(ErrorHandler.java:166)
at org.openqa.selenium.remote.JsonWireProtocolResponse.lambda$errorHandler$0(JsonWireProtocolResponse.java:54)
at org.openqa.selenium.remote.HandshakeResponse.lambda$getResponseFunction$0(HandshakeResponse.java:30)
at org.openqa.selenium.remote.ProtocolHandshake.lambda$createSession$0(ProtocolHandshake.java:126)
at java.util.stream.ReferencePipeline$3$1.accept(Unknown Source)
at java.util.Spliterators$ArraySpliterator.tryAdvance(Unknown Source)
at java.util.stream.ReferencePipeline.forEachWithCancel(Unknown Source)
at java.util.stream.AbstractPipeline.copyIntoWithCancel(Unknown Source)
at java.util.stream.AbstractPipeline.copyInto(Unknown Source)
at java.util.stream.AbstractPipeline.wrapAndCopyInto(Unknown Source)
at java.util.stream.FindOps$FindOp.evaluateSequential(Unknown Source)
at java.util.stream.AbstractPipeline.evaluate(Unknown Source)
at java.util.stream.ReferencePipeline.findFirst(Unknown Source)
at org.openqa.selenium.remote.ProtocolHandshake.createSession(ProtocolHandshake.java:128)
at org.openqa.selenium.remote.ProtocolHandshake.createSession(ProtocolHandshake.java:74)
at org.openqa.selenium.remote.HttpCommandExecutor.execute(HttpCommandExecutor.java:136)
at org.openqa.selenium.remote.RemoteWebDriver.execute(RemoteWebDriver.java:552)
at org.openqa.selenium.remote.RemoteWebDriver.startSession(RemoteWebDriver.java:213)
at org.openqa.selenium.remote.RemoteWebDriver.<init>(RemoteWebDriver.java:131)
at org.openqa.selenium.remote.RemoteWebDriver.<init>(RemoteWebDriver.java:144)
at com.testcases.BaseTest.openBrowser(BaseTest.java:223)
at com.testcases.HomePageTests.validateSearchInHomePage(HomePageTests.java:34)
at java.util.concurrent.FutureTask.run(Unknown Source)
at java.util.concurrent.Executors$RunnableAdapter.call(Unknown Source)
at java.util.concurrent.FutureTask.run(Unknown Source)
at java.util.concurrent.ThreadPoolExecutor.runWorker(Unknown Source)
at java.util.concurrent.ThreadPoolExecutor$Worker.run(Unknown Source)
at java.lang.Thread.run(Unknown Source)
Caused by: org.openqa.selenium.WebDriverException: Error forwarding the new session Error forwarding the request unexpected end of stream on Connection{172.19.0.9:5555, proxy=DIRECT hostAddress=/172.19.0.9:5555 cipherSuite=none protocol=http/1.1}
Build info: version: '3.141.59', revision: 'e82be7d358', time: '2018-11-14T08:17:03'
System info: host: 'INMAAWN53000190', ip: '10.0.75.1', os.name: 'Windows 10', os.arch: 'amd64', os.version: '10.0', java.version: '1.8.0_221'
Driver info: driver.version: unknown
at org.openqa.grid.web.servlet.handler.RequestHandler.process(RequestHandler.java:118)
at org.openqa.grid.web.servlet.DriverServlet.process(DriverServlet.java:85)
at org.openqa.grid.web.servlet.DriverServlet.doPost(DriverServlet.java:69)
at javax.servlet.http.HttpServlet.service(HttpServlet.java:707)
at javax.servlet.http.HttpServlet.service(HttpServlet.java:790)
at org.seleniumhq.jetty9.servlet.ServletHolder.handle(ServletHolder.java:865)
at org.seleniumhq.jetty9.servlet.ServletHandler.doHandle(ServletHandler.java:535)
at org.seleniumhq.jetty9.server.handler.ScopedHandler.handle(ScopedHandler.java:146)
at org.seleniumhq.jetty9.security.SecurityHandler.handle(SecurityHandler.java:548)
at org.seleniumhq.jetty9.server.handler.HandlerWrapper.handle(HandlerWrapper.java:132)
at org.seleniumhq.jetty9.server.handler.ScopedHandler.nextHandle(ScopedHandler.java:257)
at org.seleniumhq.jetty9.server.session.SessionHandler.doHandle(SessionHandler.java:1595)
at org.seleniumhq.jetty9.server.handler.ScopedHandler.nextHandle(ScopedHandler.java:255)
at org.seleniumhq.jetty9.server.handler.ContextHandler.doHandle(ContextHandler.java:1340)
at org.seleniumhq.jetty9.server.handler.ScopedHandler.nextScope(ScopedHandler.java:203)
at org.seleniumhq.jetty9.servlet.ServletHandler.doScope(ServletHandler.java:473)
at org.seleniumhq.jetty9.server.session.SessionHandler.doScope(SessionHandler.java:1564)
at org.seleniumhq.jetty9.server.handler.ScopedHandler.nextScope(ScopedHandler.java:201)
at org.seleniumhq.jetty9.server.handler.ContextHandler.doScope(ContextHandler.java:1242)
at org.seleniumhq.jetty9.server.handler.ScopedHandler.handle(ScopedHandler.java:144)
at org.seleniumhq.jetty9.server.handler.HandlerWrapper.handle(HandlerWrapper.java:132)
at org.seleniumhq.jetty9.server.Server.handle(Server.java:503)
at org.seleniumhq.jetty9.server.HttpChannel.handle(HttpChannel.java:364)
at org.seleniumhq.jetty9.server.HttpConnection.onFillable(HttpConnection.java:260)
at org.seleniumhq.jetty9.io.AbstractConnection$ReadCallback.succeeded(AbstractConnection.java:305)
at org.seleniumhq.jetty9.io.FillInterest.fillable(FillInterest.java:103)
at org.seleniumhq.jetty9.io.ChannelEndPoint$2.run(ChannelEndPoint.java:118)
at org.seleniumhq.jetty9.util.thread.strategy.EatWhatYouKill.runTask(EatWhatYouKill.java:333)
at org.seleniumhq.jetty9.util.thread.strategy.EatWhatYouKill.doProduce(EatWhatYouKill.java:310)
at org.seleniumhq.jetty9.util.thread.strategy.EatWhatYouKill.tryProduce(EatWhatYouKill.java:168)
at org.seleniumhq.jetty9.util.thread.strategy.EatWhatYouKill.run(EatWhatYouKill.java:126)
at org.seleniumhq.jetty9.util.thread.ReservedThreadExecutor$ReservedThread.run(ReservedThreadExecutor.java:366)
at org.seleniumhq.jetty9.util.thread.QueuedThreadPool.runJob(QueuedThreadPool.java:765)
at org.seleniumhq.jetty9.util.thread.QueuedThreadPool$2.run(QueuedThreadPool.java:683)
at java.lang.Thread.run(Thread.java:748)
... Removed 13 stack frames]]>
    </failure>
  </testcase> <!-- validateSearchInHomePage -->
  <testcase name="validateSearchInHomePage" time="14.471" classname="com.testcases.HomePageTests">
    <failure type="org.openqa.selenium.WebDriverException" message="cannot forward the request Failed to connect to /172.19.0.6:5555
Build info: version: &amp;apos;3.141.59&amp;apos;, revision: &amp;apos;e82be7d358&amp;apos;, time: &amp;apos;2018-11-14T08:17:03&amp;apos;
System info: host: &amp;apos;INMAAWN53000190&amp;apos;, ip: &amp;apos;10.0.75.1&amp;apos;, os.name: &amp;apos;Windows 10&amp;apos;, os.arch: &amp;apos;amd64&amp;apos;, os.version: &amp;apos;10.0&amp;apos;, java.version: &amp;apos;1.8.0_221&amp;apos;
Driver info: org.openqa.selenium.remote.RemoteWebDriver
Capabilities {acceptInsecureCerts: false, browserName: chrome, browserVersion: 77.0.3865.75, chrome: {chromedriverVersion: 77.0.3865.40 (f484704e052e0..., userDataDir: /tmp/.com.google.Chrome.QHpyxi}, goog:chromeOptions: {debuggerAddress: localhost:41421}, javascriptEnabled: true, networkConnectionEnabled: false, pageLoadStrategy: normal, platform: LINUX, platformName: LINUX, proxy: Proxy(), setWindowRect: true, strictFileInteractability: false, timeouts: {implicit: 0, pageLoad: 300000, script: 30000}, unhandledPromptBehavior: dismiss and notify, webdriver.remote.sessionid: d1943e10a45ecb4203a1a5ee934...}
Session ID: d1943e10a45ecb4203a1a5ee934eeac5">
      <![CDATA[org.openqa.selenium.WebDriverException: cannot forward the request Failed to connect to /172.19.0.6:5555
Build info: version: '3.141.59', revision: 'e82be7d358', time: '2018-11-14T08:17:03'
System info: host: 'INMAAWN53000190', ip: '10.0.75.1', os.name: 'Windows 10', os.arch: 'amd64', os.version: '10.0', java.version: '1.8.0_221'
Driver info: org.openqa.selenium.remote.RemoteWebDriver
Capabilities {acceptInsecureCerts: false, browserName: chrome, browserVersion: 77.0.3865.75, chrome: {chromedriverVersion: 77.0.3865.40 (f484704e052e0..., userDataDir: /tmp/.com.google.Chrome.QHpyxi}, goog:chromeOptions: {debuggerAddress: localhost:41421}, javascriptEnabled: true, networkConnectionEnabled: false, pageLoadStrategy: normal, platform: LINUX, platformName: LINUX, proxy: Proxy(), setWindowRect: true, strictFileInteractability: false, timeouts: {implicit: 0, pageLoad: 300000, script: 30000}, unhandledPromptBehavior: dismiss and notify, webdriver.remote.sessionid: d1943e10a45ecb4203a1a5ee934...}
Session ID: d1943e10a45ecb4203a1a5ee934eeac5
at org.openqa.selenium.remote.http.W3CHttpResponseCodec.createException(W3CHttpResponseCodec.java:187)
at org.openqa.selenium.remote.http.W3CHttpResponseCodec.decode(W3CHttpResponseCodec.java:122)
at org.openqa.selenium.remote.http.W3CHttpResponseCodec.decode(W3CHttpResponseCodec.java:49)
at org.openqa.selenium.remote.HttpCommandExecutor.execute(HttpCommandExecutor.java:158)
at org.openqa.selenium.remote.RemoteWebDriver.execute(RemoteWebDriver.java:552)
at org.openqa.selenium.remote.RemoteWebDriver.get(RemoteWebDriver.java:277)
at com.testcases.BaseTest.navigateToURL(BaseTest.java:178)
at com.testcases.HomePageTests.validateSearchInHomePage(HomePageTests.java:35)
at java.util.concurrent.FutureTask.run(Unknown Source)
at java.util.concurrent.Executors$RunnableAdapter.call(Unknown Source)
at java.util.concurrent.FutureTask.run(Unknown Source)
at java.util.concurrent.ThreadPoolExecutor.runWorker(Unknown Source)
at java.util.concurrent.ThreadPoolExecutor$Worker.run(Unknown Source)
at java.lang.Thread.run(Unknown Source)
... Removed 13 stack frames]]>
    </failure>
  </testcase> <!-- validateSearchInHomePage -->
  <testcase name="validateErrorMessageOnLoginSignInPage" time="14.552" classname="com.testcases.SignInPageTests">
    <failure type="org.openqa.selenium.WebDriverException" message="Error forwarding the new session Error forwarding the request unexpected end of stream on Connection{172.19.0.10:5555, proxy=DIRECT hostAddress=/172.19.0.10:5555 cipherSuite=none protocol=http/1.1}
Command duration or timeout: 13.35 seconds">
      <![CDATA[org.openqa.selenium.WebDriverException: Error forwarding the new session Error forwarding the request unexpected end of stream on Connection{172.19.0.10:5555, proxy=DIRECT hostAddress=/172.19.0.10:5555 cipherSuite=none protocol=http/1.1}
Command duration or timeout: 13.35 seconds
at org.openqa.selenium.remote.ErrorHandler.createThrowable(ErrorHandler.java:214)
at org.openqa.selenium.remote.ErrorHandler.throwIfResponseFailed(ErrorHandler.java:166)
at org.openqa.selenium.remote.JsonWireProtocolResponse.lambda$errorHandler$0(JsonWireProtocolResponse.java:54)
at org.openqa.selenium.remote.HandshakeResponse.lambda$getResponseFunction$0(HandshakeResponse.java:30)
at org.openqa.selenium.remote.ProtocolHandshake.lambda$createSession$0(ProtocolHandshake.java:126)
at java.util.stream.ReferencePipeline$3$1.accept(Unknown Source)
at java.util.Spliterators$ArraySpliterator.tryAdvance(Unknown Source)
at java.util.stream.ReferencePipeline.forEachWithCancel(Unknown Source)
at java.util.stream.AbstractPipeline.copyIntoWithCancel(Unknown Source)
at java.util.stream.AbstractPipeline.copyInto(Unknown Source)
at java.util.stream.AbstractPipeline.wrapAndCopyInto(Unknown Source)
at java.util.stream.FindOps$FindOp.evaluateSequential(Unknown Source)
at java.util.stream.AbstractPipeline.evaluate(Unknown Source)
at java.util.stream.ReferencePipeline.findFirst(Unknown Source)
at org.openqa.selenium.remote.ProtocolHandshake.createSession(ProtocolHandshake.java:128)
at org.openqa.selenium.remote.ProtocolHandshake.createSession(ProtocolHandshake.java:74)
at org.openqa.selenium.remote.HttpCommandExecutor.execute(HttpCommandExecutor.java:136)
at org.openqa.selenium.remote.RemoteWebDriver.execute(RemoteWebDriver.java:552)
at org.openqa.selenium.remote.RemoteWebDriver.startSession(RemoteWebDriver.java:213)
at org.openqa.selenium.remote.RemoteWebDriver.<init>(RemoteWebDriver.java:131)
at org.openqa.selenium.remote.RemoteWebDriver.<init>(RemoteWebDriver.java:144)
at com.testcases.BaseTest.openBrowser(BaseTest.java:223)
at com.testcases.SignInPageTests.validateErrorMessageOnLoginSignInPage(SignInPageTests.java:27)
at java.util.concurrent.FutureTask.run(Unknown Source)
at java.util.concurrent.Executors$RunnableAdapter.call(Unknown Source)
at java.util.concurrent.FutureTask.run(Unknown Source)
at java.util.concurrent.ThreadPoolExecutor.runWorker(Unknown Source)
at java.util.concurrent.ThreadPoolExecutor$Worker.run(Unknown Source)
at java.lang.Thread.run(Unknown Source)
Caused by: org.openqa.selenium.WebDriverException: Error forwarding the new session Error forwarding the request unexpected end of stream on Connection{172.19.0.10:5555, proxy=DIRECT hostAddress=/172.19.0.10:5555 cipherSuite=none protocol=http/1.1}
Build info: version: '3.141.59', revision: 'e82be7d358', time: '2018-11-14T08:17:03'
System info: host: 'INMAAWN53000190', ip: '10.0.75.1', os.name: 'Windows 10', os.arch: 'amd64', os.version: '10.0', java.version: '1.8.0_221'
Driver info: driver.version: unknown
at org.openqa.grid.web.servlet.handler.RequestHandler.process(RequestHandler.java:118)
at org.openqa.grid.web.servlet.DriverServlet.process(DriverServlet.java:85)
at org.openqa.grid.web.servlet.DriverServlet.doPost(DriverServlet.java:69)
at javax.servlet.http.HttpServlet.service(HttpServlet.java:707)
at javax.servlet.http.HttpServlet.service(HttpServlet.java:790)
at org.seleniumhq.jetty9.servlet.ServletHolder.handle(ServletHolder.java:865)
at org.seleniumhq.jetty9.servlet.ServletHandler.doHandle(ServletHandler.java:535)
at org.seleniumhq.jetty9.server.handler.ScopedHandler.handle(ScopedHandler.java:146)
at org.seleniumhq.jetty9.security.SecurityHandler.handle(SecurityHandler.java:548)
at org.seleniumhq.jetty9.server.handler.HandlerWrapper.handle(HandlerWrapper.java:132)
at org.seleniumhq.jetty9.server.handler.ScopedHandler.nextHandle(ScopedHandler.java:257)
at org.seleniumhq.jetty9.server.session.SessionHandler.doHandle(SessionHandler.java:1595)
at org.seleniumhq.jetty9.server.handler.ScopedHandler.nextHandle(ScopedHandler.java:255)
at org.seleniumhq.jetty9.server.handler.ContextHandler.doHandle(ContextHandler.java:1340)
at org.seleniumhq.jetty9.server.handler.ScopedHandler.nextScope(ScopedHandler.java:203)
at org.seleniumhq.jetty9.servlet.ServletHandler.doScope(ServletHandler.java:473)
at org.seleniumhq.jetty9.server.session.SessionHandler.doScope(SessionHandler.java:1564)
at org.seleniumhq.jetty9.server.handler.ScopedHandler.nextScope(ScopedHandler.java:201)
at org.seleniumhq.jetty9.server.handler.ContextHandler.doScope(ContextHandler.java:1242)
at org.seleniumhq.jetty9.server.handler.ScopedHandler.handle(ScopedHandler.java:144)
at org.seleniumhq.jetty9.server.handler.HandlerWrapper.handle(HandlerWrapper.java:132)
at org.seleniumhq.jetty9.server.Server.handle(Server.java:503)
at org.seleniumhq.jetty9.server.HttpChannel.handle(HttpChannel.java:364)
at org.seleniumhq.jetty9.server.HttpConnection.onFillable(HttpConnection.java:260)
at org.seleniumhq.jetty9.io.AbstractConnection$ReadCallback.succeeded(AbstractConnection.java:305)
at org.seleniumhq.jetty9.io.FillInterest.fillable(FillInterest.java:103)
at org.seleniumhq.jetty9.io.ChannelEndPoint$2.run(ChannelEndPoint.java:118)
at org.seleniumhq.jetty9.util.thread.QueuedThreadPool.runJob(QueuedThreadPool.java:765)
at org.seleniumhq.jetty9.util.thread.QueuedThreadPool$2.run(QueuedThreadPool.java:683)
at java.lang.Thread.run(Thread.java:748)
... Removed 13 stack frames]]>
    </failure>
  </testcase> <!-- validateErrorMessageOnLoginSignInPage -->
  <testcase name="validateErrorMessageOnLoginSignInPage" time="14.61" classname="com.testcases.SignInPageTests">
    <failure type="org.testng.TestNGException" message="java.util.concurrent.ExecutionException: java.lang.NullPointerException">
      <![CDATA[org.testng.TestNGException: java.util.concurrent.ExecutionException: java.lang.NullPointerException
at java.util.concurrent.ThreadPoolExecutor.runWorker(Unknown Source)
at java.util.concurrent.ThreadPoolExecutor$Worker.run(Unknown Source)
at java.lang.Thread.run(Unknown Source)
Caused by: java.util.concurrent.ExecutionException: java.lang.NullPointerException
at java.util.concurrent.FutureTask.report(Unknown Source)
at java.util.concurrent.FutureTask.get(Unknown Source)
... 6 more
Caused by: java.lang.NullPointerException
at com.utilities.TestUtils.pullScreenshotPath(TestUtils.java:57)
at com.listener.ListenerClass.onTestFailure(ListenerClass.java:39)
at java.util.concurrent.FutureTask.run(Unknown Source)
at java.util.concurrent.Executors$RunnableAdapter.call(Unknown Source)
at java.util.concurrent.FutureTask.run(Unknown Source)
... 3 more
... Removed 11 stack frames]]>
    </failure>
  </testcase> <!-- validateErrorMessageOnLoginSignInPage -->
  <testcase name="validateErrorMessageOnLoginSignInPage" time="14.553" classname="com.testcases.SignInPageTests">
    <failure type="org.openqa.selenium.WebDriverException" message="cannot forward the request Failed to connect to /172.19.0.5:5555
Build info: version: &amp;apos;3.141.59&amp;apos;, revision: &amp;apos;e82be7d358&amp;apos;, time: &amp;apos;2018-11-14T08:17:03&amp;apos;
System info: host: &amp;apos;INMAAWN53000190&amp;apos;, ip: &amp;apos;10.0.75.1&amp;apos;, os.name: &amp;apos;Windows 10&amp;apos;, os.arch: &amp;apos;amd64&amp;apos;, os.version: &amp;apos;10.0&amp;apos;, java.version: &amp;apos;1.8.0_221&amp;apos;
Driver info: org.openqa.selenium.remote.RemoteWebDriver
Capabilities {acceptInsecureCerts: false, browserName: chrome, browserVersion: 77.0.3865.75, chrome: {chromedriverVersion: 77.0.3865.40 (f484704e052e0..., userDataDir: /tmp/.com.google.Chrome.O6F5ql}, goog:chromeOptions: {debuggerAddress: localhost:36837}, javascriptEnabled: true, networkConnectionEnabled: false, pageLoadStrategy: normal, platform: LINUX, platformName: LINUX, proxy: Proxy(), setWindowRect: true, strictFileInteractability: false, timeouts: {implicit: 0, pageLoad: 300000, script: 30000}, unhandledPromptBehavior: dismiss and notify, webdriver.remote.sessionid: 972c455733ea8703ea48bd2db44...}
Session ID: 972c455733ea8703ea48bd2db444797a">
      <![CDATA[org.openqa.selenium.WebDriverException: cannot forward the request Failed to connect to /172.19.0.5:5555
Build info: version: '3.141.59', revision: 'e82be7d358', time: '2018-11-14T08:17:03'
System info: host: 'INMAAWN53000190', ip: '10.0.75.1', os.name: 'Windows 10', os.arch: 'amd64', os.version: '10.0', java.version: '1.8.0_221'
Driver info: org.openqa.selenium.remote.RemoteWebDriver
Capabilities {acceptInsecureCerts: false, browserName: chrome, browserVersion: 77.0.3865.75, chrome: {chromedriverVersion: 77.0.3865.40 (f484704e052e0..., userDataDir: /tmp/.com.google.Chrome.O6F5ql}, goog:chromeOptions: {debuggerAddress: localhost:36837}, javascriptEnabled: true, networkConnectionEnabled: false, pageLoadStrategy: normal, platform: LINUX, platformName: LINUX, proxy: Proxy(), setWindowRect: true, strictFileInteractability: false, timeouts: {implicit: 0, pageLoad: 300000, script: 30000}, unhandledPromptBehavior: dismiss and notify, webdriver.remote.sessionid: 972c455733ea8703ea48bd2db44...}
Session ID: 972c455733ea8703ea48bd2db444797a
at org.openqa.selenium.remote.http.W3CHttpResponseCodec.createException(W3CHttpResponseCodec.java:187)
at org.openqa.selenium.remote.http.W3CHttpResponseCodec.decode(W3CHttpResponseCodec.java:122)
at org.openqa.selenium.remote.http.W3CHttpResponseCodec.decode(W3CHttpResponseCodec.java:49)
at org.openqa.selenium.remote.HttpCommandExecutor.execute(HttpCommandExecutor.java:158)
at org.openqa.selenium.remote.RemoteWebDriver.execute(RemoteWebDriver.java:552)
at org.openqa.selenium.remote.RemoteWebDriver.get(RemoteWebDriver.java:277)
at com.testcases.BaseTest.navigateToURL(BaseTest.java:178)
at com.testcases.SignInPageTests.validateErrorMessageOnLoginSignInPage(SignInPageTests.java:28)
at java.util.concurrent.FutureTask.run(Unknown Source)
at java.util.concurrent.Executors$RunnableAdapter.call(Unknown Source)
at java.util.concurrent.FutureTask.run(Unknown Source)
at java.util.concurrent.ThreadPoolExecutor.runWorker(Unknown Source)
at java.util.concurrent.ThreadPoolExecutor$Worker.run(Unknown Source)
at java.lang.Thread.run(Unknown Source)
... Removed 13 stack frames]]>
    </failure>
  </testcase> <!-- validateErrorMessageOnLoginSignInPage -->
  <testcase name="validateErrorMessageOnLogin" time="14.586" classname="com.testcases.HomePageTests">
    <failure type="org.openqa.selenium.WebDriverException" message="Error forwarding the new session Error forwarding the request Failed to connect to /172.19.0.4:5555
Command duration or timeout: 13.39 seconds">
      <![CDATA[org.openqa.selenium.WebDriverException: Error forwarding the new session Error forwarding the request Failed to connect to /172.19.0.4:5555
Command duration or timeout: 13.39 seconds
at org.openqa.selenium.remote.ErrorHandler.createThrowable(ErrorHandler.java:214)
at org.openqa.selenium.remote.ErrorHandler.throwIfResponseFailed(ErrorHandler.java:166)
at org.openqa.selenium.remote.JsonWireProtocolResponse.lambda$errorHandler$0(JsonWireProtocolResponse.java:54)
at org.openqa.selenium.remote.HandshakeResponse.lambda$getResponseFunction$0(HandshakeResponse.java:30)
at org.openqa.selenium.remote.ProtocolHandshake.lambda$createSession$0(ProtocolHandshake.java:126)
at java.util.stream.ReferencePipeline$3$1.accept(Unknown Source)
at java.util.Spliterators$ArraySpliterator.tryAdvance(Unknown Source)
at java.util.stream.ReferencePipeline.forEachWithCancel(Unknown Source)
at java.util.stream.AbstractPipeline.copyIntoWithCancel(Unknown Source)
at java.util.stream.AbstractPipeline.copyInto(Unknown Source)
at java.util.stream.AbstractPipeline.wrapAndCopyInto(Unknown Source)
at java.util.stream.FindOps$FindOp.evaluateSequential(Unknown Source)
at java.util.stream.AbstractPipeline.evaluate(Unknown Source)
at java.util.stream.ReferencePipeline.findFirst(Unknown Source)
at org.openqa.selenium.remote.ProtocolHandshake.createSession(ProtocolHandshake.java:128)
at org.openqa.selenium.remote.ProtocolHandshake.createSession(ProtocolHandshake.java:74)
at org.openqa.selenium.remote.HttpCommandExecutor.execute(HttpCommandExecutor.java:136)
at org.openqa.selenium.remote.RemoteWebDriver.execute(RemoteWebDriver.java:552)
at org.openqa.selenium.remote.RemoteWebDriver.startSession(RemoteWebDriver.java:213)
at org.openqa.selenium.remote.RemoteWebDriver.<init>(RemoteWebDriver.java:131)
at org.openqa.selenium.remote.RemoteWebDriver.<init>(RemoteWebDriver.java:144)
at com.testcases.BaseTest.openBrowser(BaseTest.java:223)
at com.testcases.HomePageTests.validateErrorMessageOnLogin(HomePageTests.java:48)
at java.util.concurrent.FutureTask.run(Unknown Source)
at java.util.concurrent.Executors$RunnableAdapter.call(Unknown Source)
at java.util.concurrent.FutureTask.run(Unknown Source)
at java.util.concurrent.ThreadPoolExecutor.runWorker(Unknown Source)
at java.util.concurrent.ThreadPoolExecutor$Worker.run(Unknown Source)
at java.lang.Thread.run(Unknown Source)
Caused by: org.openqa.selenium.WebDriverException: Error forwarding the new session Error forwarding the request Failed to connect to /172.19.0.4:5555
Build info: version: '3.141.59', revision: 'e82be7d358', time: '2018-11-14T08:17:03'
System info: host: 'INMAAWN53000190', ip: '10.0.75.1', os.name: 'Windows 10', os.arch: 'amd64', os.version: '10.0', java.version: '1.8.0_221'
Driver info: driver.version: unknown
at org.openqa.grid.web.servlet.handler.RequestHandler.process(RequestHandler.java:118)
at org.openqa.grid.web.servlet.DriverServlet.process(DriverServlet.java:85)
at org.openqa.grid.web.servlet.DriverServlet.doPost(DriverServlet.java:69)
at javax.servlet.http.HttpServlet.service(HttpServlet.java:707)
at javax.servlet.http.HttpServlet.service(HttpServlet.java:790)
at org.seleniumhq.jetty9.servlet.ServletHolder.handle(ServletHolder.java:865)
at org.seleniumhq.jetty9.servlet.ServletHandler.doHandle(ServletHandler.java:535)
at org.seleniumhq.jetty9.server.handler.ScopedHandler.handle(ScopedHandler.java:146)
at org.seleniumhq.jetty9.security.SecurityHandler.handle(SecurityHandler.java:548)
at org.seleniumhq.jetty9.server.handler.HandlerWrapper.handle(HandlerWrapper.java:132)
at org.seleniumhq.jetty9.server.handler.ScopedHandler.nextHandle(ScopedHandler.java:257)
at org.seleniumhq.jetty9.server.session.SessionHandler.doHandle(SessionHandler.java:1595)
at org.seleniumhq.jetty9.server.handler.ScopedHandler.nextHandle(ScopedHandler.java:255)
at org.seleniumhq.jetty9.server.handler.ContextHandler.doHandle(ContextHandler.java:1340)
at org.seleniumhq.jetty9.server.handler.ScopedHandler.nextScope(ScopedHandler.java:203)
at org.seleniumhq.jetty9.servlet.ServletHandler.doScope(ServletHandler.java:473)
at org.seleniumhq.jetty9.server.session.SessionHandler.doScope(SessionHandler.java:1564)
at org.seleniumhq.jetty9.server.handler.ScopedHandler.nextScope(ScopedHandler.java:201)
at org.seleniumhq.jetty9.server.handler.ContextHandler.doScope(ContextHandler.java:1242)
at org.seleniumhq.jetty9.server.handler.ScopedHandler.handle(ScopedHandler.java:144)
at org.seleniumhq.jetty9.server.handler.HandlerWrapper.handle(HandlerWrapper.java:132)
at org.seleniumhq.jetty9.server.Server.handle(Server.java:503)
at org.seleniumhq.jetty9.server.HttpChannel.handle(HttpChannel.java:364)
at org.seleniumhq.jetty9.server.HttpConnection.onFillable(HttpConnection.java:260)
at org.seleniumhq.jetty9.io.AbstractConnection$ReadCallback.succeeded(AbstractConnection.java:305)
at org.seleniumhq.jetty9.io.FillInterest.fillable(FillInterest.java:103)
at org.seleniumhq.jetty9.io.ChannelEndPoint$2.run(ChannelEndPoint.java:118)
at org.seleniumhq.jetty9.util.thread.strategy.EatWhatYouKill.runTask(EatWhatYouKill.java:333)
at org.seleniumhq.jetty9.util.thread.strategy.EatWhatYouKill.doProduce(EatWhatYouKill.java:310)
at org.seleniumhq.jetty9.util.thread.strategy.EatWhatYouKill.tryProduce(EatWhatYouKill.java:168)
at org.seleniumhq.jetty9.util.thread.strategy.EatWhatYouKill.run(EatWhatYouKill.java:126)
at org.seleniumhq.jetty9.util.thread.ReservedThreadExecutor$ReservedThread.run(ReservedThreadExecutor.java:366)
at org.seleniumhq.jetty9.util.thread.QueuedThreadPool.runJob(QueuedThreadPool.java:765)
at org.seleniumhq.jetty9.util.thread.QueuedThreadPool$2.run(QueuedThreadPool.java:683)
at java.lang.Thread.run(Thread.java:748)
... Removed 13 stack frames]]>
    </failure>
  </testcase> <!-- validateErrorMessageOnLogin -->
  <testcase name="validateErrorMessageOnLogin" time="14.585" classname="com.testcases.HomePageTests">
    <failure type="org.openqa.selenium.WebDriverException" message="cannot forward the request Failed to connect to /172.19.0.3:5555
Build info: version: &amp;apos;3.141.59&amp;apos;, revision: &amp;apos;e82be7d358&amp;apos;, time: &amp;apos;2018-11-14T08:17:03&amp;apos;
System info: host: &amp;apos;INMAAWN53000190&amp;apos;, ip: &amp;apos;10.0.75.1&amp;apos;, os.name: &amp;apos;Windows 10&amp;apos;, os.arch: &amp;apos;amd64&amp;apos;, os.version: &amp;apos;10.0&amp;apos;, java.version: &amp;apos;1.8.0_221&amp;apos;
Driver info: org.openqa.selenium.remote.RemoteWebDriver
Capabilities {acceptInsecureCerts: false, browserName: chrome, browserVersion: 77.0.3865.75, chrome: {chromedriverVersion: 77.0.3865.40 (f484704e052e0..., userDataDir: /tmp/.com.google.Chrome.0XAPxi}, goog:chromeOptions: {debuggerAddress: localhost:45331}, javascriptEnabled: true, networkConnectionEnabled: false, pageLoadStrategy: normal, platform: LINUX, platformName: LINUX, proxy: Proxy(), setWindowRect: true, strictFileInteractability: false, timeouts: {implicit: 0, pageLoad: 300000, script: 30000}, unhandledPromptBehavior: dismiss and notify, webdriver.remote.sessionid: 7bb3d69ed21502871a21c76c6ec...}
Session ID: 7bb3d69ed21502871a21c76c6ec1d7f5">
      <![CDATA[org.openqa.selenium.WebDriverException: cannot forward the request Failed to connect to /172.19.0.3:5555
Build info: version: '3.141.59', revision: 'e82be7d358', time: '2018-11-14T08:17:03'
System info: host: 'INMAAWN53000190', ip: '10.0.75.1', os.name: 'Windows 10', os.arch: 'amd64', os.version: '10.0', java.version: '1.8.0_221'
Driver info: org.openqa.selenium.remote.RemoteWebDriver
Capabilities {acceptInsecureCerts: false, browserName: chrome, browserVersion: 77.0.3865.75, chrome: {chromedriverVersion: 77.0.3865.40 (f484704e052e0..., userDataDir: /tmp/.com.google.Chrome.0XAPxi}, goog:chromeOptions: {debuggerAddress: localhost:45331}, javascriptEnabled: true, networkConnectionEnabled: false, pageLoadStrategy: normal, platform: LINUX, platformName: LINUX, proxy: Proxy(), setWindowRect: true, strictFileInteractability: false, timeouts: {implicit: 0, pageLoad: 300000, script: 30000}, unhandledPromptBehavior: dismiss and notify, webdriver.remote.sessionid: 7bb3d69ed21502871a21c76c6ec...}
Session ID: 7bb3d69ed21502871a21c76c6ec1d7f5
at org.openqa.selenium.remote.http.W3CHttpResponseCodec.createException(W3CHttpResponseCodec.java:187)
at org.openqa.selenium.remote.http.W3CHttpResponseCodec.decode(W3CHttpResponseCodec.java:122)
at org.openqa.selenium.remote.http.W3CHttpResponseCodec.decode(W3CHttpResponseCodec.java:49)
at org.openqa.selenium.remote.HttpCommandExecutor.execute(HttpCommandExecutor.java:158)
at org.openqa.selenium.remote.RemoteWebDriver.execute(RemoteWebDriver.java:552)
at org.openqa.selenium.remote.RemoteWebDriver.get(RemoteWebDriver.java:277)
at com.testcases.BaseTest.navigateToURL(BaseTest.java:178)
at com.testcases.HomePageTests.validateErrorMessageOnLogin(HomePageTests.java:49)
at java.util.concurrent.FutureTask.run(Unknown Source)
at java.util.concurrent.Executors$RunnableAdapter.call(Unknown Source)
at java.util.concurrent.FutureTask.run(Unknown Source)
at java.util.concurrent.ThreadPoolExecutor.runWorker(Unknown Source)
at java.util.concurrent.ThreadPoolExecutor$Worker.run(Unknown Source)
at java.lang.Thread.run(Unknown Source)
... Removed 13 stack frames]]>
    </failure>
  </testcase> <!-- validateErrorMessageOnLogin -->
  <testcase name="validateErrorMessageOnLogin" time="14.643" classname="com.testcases.HomePageTests">
    <failure type="org.testng.TestNGException" message="java.util.concurrent.ExecutionException: java.lang.NullPointerException">
      <![CDATA[org.testng.TestNGException: java.util.concurrent.ExecutionException: java.lang.NullPointerException
at java.util.concurrent.ThreadPoolExecutor.runWorker(Unknown Source)
at java.util.concurrent.ThreadPoolExecutor$Worker.run(Unknown Source)
at java.lang.Thread.run(Unknown Source)
Caused by: java.util.concurrent.ExecutionException: java.lang.NullPointerException
at java.util.concurrent.FutureTask.report(Unknown Source)
at java.util.concurrent.FutureTask.get(Unknown Source)
... 6 more
Caused by: java.lang.NullPointerException
at com.utilities.TestUtils.pullScreenshotPath(TestUtils.java:57)
at com.listener.ListenerClass.onTestFailure(ListenerClass.java:39)
at java.util.concurrent.FutureTask.run(Unknown Source)
at java.util.concurrent.Executors$RunnableAdapter.call(Unknown Source)
at java.util.concurrent.FutureTask.run(Unknown Source)
... 3 more
... Removed 11 stack frames]]>
    </failure>
  </testcase> <!-- validateErrorMessageOnLogin -->
  <testcase name="validateSearchInHomePage" time="14.684" classname="com.testcases.HomePageTests">
    <failure type="org.testng.TestNGException" message="java.util.concurrent.ExecutionException: org.openqa.selenium.WebDriverException: Session [d1943e10a45ecb4203a1a5ee934eeac5] was terminated due to FORWARDING_TO_NODE_FAILED
Build info: version: &amp;apos;3.141.59&amp;apos;, revision: &amp;apos;e82be7d358&amp;apos;, time: &amp;apos;2018-11-14T08:17:03&amp;apos;
System info: host: &amp;apos;INMAAWN53000190&amp;apos;, ip: &amp;apos;10.0.75.1&amp;apos;, os.name: &amp;apos;Windows 10&amp;apos;, os.arch: &amp;apos;amd64&amp;apos;, os.version: &amp;apos;10.0&amp;apos;, java.version: &amp;apos;1.8.0_221&amp;apos;
Driver info: org.openqa.selenium.remote.RemoteWebDriver
Capabilities {acceptInsecureCerts: false, browserName: chrome, browserVersion: 77.0.3865.75, chrome: {chromedriverVersion: 77.0.3865.40 (f484704e052e0..., userDataDir: /tmp/.com.google.Chrome.QHpyxi}, goog:chromeOptions: {debuggerAddress: localhost:41421}, javascriptEnabled: true, networkConnectionEnabled: false, pageLoadStrategy: normal, platform: LINUX, platformName: LINUX, proxy: Proxy(), setWindowRect: true, strictFileInteractability: false, timeouts: {implicit: 0, pageLoad: 300000, script: 30000}, unhandledPromptBehavior: dismiss and notify, webdriver.remote.sessionid: d1943e10a45ecb4203a1a5ee934...}
Session ID: d1943e10a45ecb4203a1a5ee934eeac5">
      <![CDATA[org.testng.TestNGException: java.util.concurrent.ExecutionException: org.openqa.selenium.WebDriverException: Session [d1943e10a45ecb4203a1a5ee934eeac5] was terminated due to FORWARDING_TO_NODE_FAILED
Build info: version: '3.141.59', revision: 'e82be7d358', time: '2018-11-14T08:17:03'
System info: host: 'INMAAWN53000190', ip: '10.0.75.1', os.name: 'Windows 10', os.arch: 'amd64', os.version: '10.0', java.version: '1.8.0_221'
Driver info: org.openqa.selenium.remote.RemoteWebDriver
Capabilities {acceptInsecureCerts: false, browserName: chrome, browserVersion: 77.0.3865.75, chrome: {chromedriverVersion: 77.0.3865.40 (f484704e052e0..., userDataDir: /tmp/.com.google.Chrome.QHpyxi}, goog:chromeOptions: {debuggerAddress: localhost:41421}, javascriptEnabled: true, networkConnectionEnabled: false, pageLoadStrategy: normal, platform: LINUX, platformName: LINUX, proxy: Proxy(), setWindowRect: true, strictFileInteractability: false, timeouts: {implicit: 0, pageLoad: 300000, script: 30000}, unhandledPromptBehavior: dismiss and notify, webdriver.remote.sessionid: d1943e10a45ecb4203a1a5ee934...}
Session ID: d1943e10a45ecb4203a1a5ee934eeac5
at java.util.concurrent.ThreadPoolExecutor.runWorker(Unknown Source)
at java.util.concurrent.ThreadPoolExecutor$Worker.run(Unknown Source)
at java.lang.Thread.run(Unknown Source)
Caused by: java.util.concurrent.ExecutionException: org.openqa.selenium.WebDriverException: Session [d1943e10a45ecb4203a1a5ee934eeac5] was terminated due to FORWARDING_TO_NODE_FAILED
Build info: version: '3.141.59', revision: 'e82be7d358', time: '2018-11-14T08:17:03'
System info: host: 'INMAAWN53000190', ip: '10.0.75.1', os.name: 'Windows 10', os.arch: 'amd64', os.version: '10.0', java.version: '1.8.0_221'
Driver info: org.openqa.selenium.remote.RemoteWebDriver
Capabilities {acceptInsecureCerts: false, browserName: chrome, browserVersion: 77.0.3865.75, chrome: {chromedriverVersion: 77.0.3865.40 (f484704e052e0..., userDataDir: /tmp/.com.google.Chrome.QHpyxi}, goog:chromeOptions: {debuggerAddress: localhost:41421}, javascriptEnabled: true, networkConnectionEnabled: false, pageLoadStrategy: normal, platform: LINUX, platformName: LINUX, proxy: Proxy(), setWindowRect: true, strictFileInteractability: false, timeouts: {implicit: 0, pageLoad: 300000, script: 30000}, unhandledPromptBehavior: dismiss and notify, webdriver.remote.sessionid: d1943e10a45ecb4203a1a5ee934...}
Session ID: d1943e10a45ecb4203a1a5ee934eeac5
at java.util.concurrent.FutureTask.report(Unknown Source)
at java.util.concurrent.FutureTask.get(Unknown Source)
... 6 more
Caused by: org.openqa.selenium.WebDriverException: Session [d1943e10a45ecb4203a1a5ee934eeac5] was terminated due to FORWARDING_TO_NODE_FAILED
Build info: version: '3.141.59', revision: 'e82be7d358', time: '2018-11-14T08:17:03'
System info: host: 'INMAAWN53000190', ip: '10.0.75.1', os.name: 'Windows 10', os.arch: 'amd64', os.version: '10.0', java.version: '1.8.0_221'
Driver info: org.openqa.selenium.remote.RemoteWebDriver
Capabilities {acceptInsecureCerts: false, browserName: chrome, browserVersion: 77.0.3865.75, chrome: {chromedriverVersion: 77.0.3865.40 (f484704e052e0..., userDataDir: /tmp/.com.google.Chrome.QHpyxi}, goog:chromeOptions: {debuggerAddress: localhost:41421}, javascriptEnabled: true, networkConnectionEnabled: false, pageLoadStrategy: normal, platform: LINUX, platformName: LINUX, proxy: Proxy(), setWindowRect: true, strictFileInteractability: false, timeouts: {implicit: 0, pageLoad: 300000, script: 30000}, unhandledPromptBehavior: dismiss and notify, webdriver.remote.sessionid: d1943e10a45ecb4203a1a5ee934...}
Session ID: d1943e10a45ecb4203a1a5ee934eeac5
at org.openqa.selenium.remote.http.W3CHttpResponseCodec.createException(W3CHttpResponseCodec.java:187)
at org.openqa.selenium.remote.http.W3CHttpResponseCodec.decode(W3CHttpResponseCodec.java:122)
at org.openqa.selenium.remote.http.W3CHttpResponseCodec.decode(W3CHttpResponseCodec.java:49)
at org.openqa.selenium.remote.HttpCommandExecutor.execute(HttpCommandExecutor.java:158)
at org.openqa.selenium.remote.RemoteWebDriver.execute(RemoteWebDriver.java:552)
at org.openqa.selenium.remote.RemoteWebDriver.execute(RemoteWebDriver.java:609)
at org.openqa.selenium.remote.RemoteWebDriver.getScreenshotAs(RemoteWebDriver.java:295)
at com.utilities.TestUtils.pullScreenshotPath(TestUtils.java:57)
at com.listener.ListenerClass.onTestFailure(ListenerClass.java:39)
at java.util.concurrent.FutureTask.run(Unknown Source)
at java.util.concurrent.Executors$RunnableAdapter.call(Unknown Source)
at java.util.concurrent.FutureTask.run(Unknown Source)
... 3 more
... Removed 15 stack frames]]>
    </failure>
  </testcase> <!-- validateSearchInHomePage -->
  <testcase name="@BeforeSuite setUp" time="0.0" classname="com.testcases.BaseTest">
    <ignored/>
  </testcase> <!-- @BeforeSuite setUp -->
  <testcase name="@BeforeSuite setUp" time="0.0" classname="com.testcases.BaseTest">
    <ignored/>
  </testcase> <!-- @BeforeSuite setUp -->
  <testcase name="@AfterSuite afterSuite" time="0.0" classname="com.testcases.BaseTest">
    <ignored/>
  </testcase> <!-- @AfterSuite afterSuite -->
  <testcase name="@AfterSuite afterSuite" time="0.0" classname="com.testcases.BaseTest">
    <ignored/>
  </testcase> <!-- @AfterSuite afterSuite -->
</testsuite> <!-- Test -->
