<?xml version="1.0" encoding="UTF-8"?>
<testng-results skipped="0" failed="0" ignored="4" total="4" passed="0">
  <reporter-output>
  </reporter-output>
  <suite name="Suite" duration-ms="16726" started-at="2019-10-09T09:14:13Z" finished-at="2019-10-09T09:14:30Z">
    <groups>
    </groups>
    <test name="Test" duration-ms="16726" started-at="2019-10-09T09:14:13Z" finished-at="2019-10-09T09:14:30Z">
      <class name="com.testcases.HomePageTests">
        <test-method status="PASS" signature="setUp()[pri:0, instance:com.testcases.HomePageTests@3419e23b]" name="setUp" is-config="true" duration-ms="30058" started-at="2019-10-09T09:13:43Z" finished-at="2019-10-09T09:14:13Z">
          <reporter-output>
          </reporter-output>
        </test-method> <!-- setUp -->
        <test-method status="PASS" signature="setUpExtentReports()[pri:0, instance:com.testcases.HomePageTests@3419e23b]" name="setUpExtentReports" is-config="true" duration-ms="118" started-at="2019-10-09T09:14:13Z" finished-at="2019-10-09T09:14:13Z">
          <reporter-output>
          </reporter-output>
        </test-method> <!-- setUpExtentReports -->
        <test-method status="PASS" signature="tearDown()[pri:0, instance:com.testcases.HomePageTests@3419e23b]" name="tearDown" is-config="true" duration-ms="391" started-at="2019-10-09T09:14:30Z" finished-at="2019-10-09T09:14:30Z">
          <reporter-output>
          </reporter-output>
        </test-method> <!-- tearDown -->
        <test-method status="PASS" signature="afterSuite()[pri:0, instance:com.testcases.HomePageTests@3419e23b]" name="afterSuite" is-config="true" duration-ms="12" started-at="2019-10-09T09:14:30Z" depends-on-methods="com.testcases.HomePageTests.tearDown" finished-at="2019-10-09T09:14:30Z">
          <reporter-output>
          </reporter-output>
        </test-method> <!-- afterSuite -->
      </class> <!-- com.testcases.HomePageTests -->
      <class name="com.testcases.SignInPageTests">
        <test-method status="PASS" signature="setUpExtentReports()[pri:0, instance:com.testcases.SignInPageTests@710d89e2]" name="setUpExtentReports" is-config="true" duration-ms="117" started-at="2019-10-09T09:14:13Z" finished-at="2019-10-09T09:14:13Z">
          <reporter-output>
          </reporter-output>
        </test-method> <!-- setUpExtentReports -->
      </class> <!-- com.testcases.SignInPageTests -->
    </test> <!-- Test -->
  </suite> <!-- Suite -->
</testng-results>
